<?xml version="1.0" encoding="UTF-8"?>
<testsuite xmlns:xsi="http://www.w3.org/2001/XMLSchema-instance" xsi:noNamespaceSchemaLocation="https://maven.apache.org/surefire/maven-surefire-plugin/xsd/surefire-test-report.xsd" name="TestSuite" time="9.903" tests="12" errors="0" skipped="0" failures="5">
  <properties>
    <property name="sun.desktop" value="windows"/>
    <property name="awt.toolkit" value="sun.awt.windows.WToolkit"/>
    <property name="file.encoding.pkg" value="sun.io"/>
    <property name="java.specification.version" value="1.8"/>
    <property name="sun.cpu.isalist" value="amd64"/>
    <property name="sun.jnu.encoding" value="Cp1252"/>
    <property name="java.class.path" value="C:\Users\Mergenius\eclipse-workspace\pangram-api-test\target\test-classes;C:\Users\Mergenius\eclipse-workspace\pangram-api-test\target\classes;C:\Users\Mergenius\.m2\repository\org\testng\testng\6.13.1\testng-6.13.1.jar;C:\Users\Mergenius\.m2\repository\com\beust\jcommander\1.72\jcommander-1.72.jar;C:\Users\Mergenius\.m2\repository\io\cucumber\cucumber-java\2.4.0\cucumber-java-2.4.0.jar;C:\Users\Mergenius\.m2\repository\io\cucumber\cucumber-core\2.4.0\cucumber-core-2.4.0.jar;C:\Users\Mergenius\.m2\repository\info\cukes\cucumber-html\0.2.6\cucumber-html-0.2.6.jar;C:\Users\Mergenius\.m2\repository\io\cucumber\cucumber-jvm-deps\1.0.6\cucumber-jvm-deps-1.0.6.jar;C:\Users\Mergenius\.m2\repository\io\cucumber\gherkin\5.0.0\gherkin-5.0.0.jar;C:\Users\Mergenius\.m2\repository\io\cucumber\tag-expressions\1.1.1\tag-expressions-1.1.1.jar;C:\Users\Mergenius\.m2\repository\io\cucumber\cucumber-testng\2.4.0\cucumber-testng-2.4.0.jar;C:\Users\Mergenius\.m2\repository\org\apache\poi\poi\3.17\poi-3.17.jar;C:\Users\Mergenius\.m2\repository\commons-codec\commons-codec\1.10\commons-codec-1.10.jar;C:\Users\Mergenius\.m2\repository\org\apache\commons\commons-collections4\4.1\commons-collections4-4.1.jar;C:\Users\Mergenius\.m2\repository\org\apache\poi\poi-ooxml\3.17\poi-ooxml-3.17.jar;C:\Users\Mergenius\.m2\repository\org\apache\poi\poi-ooxml-schemas\3.17\poi-ooxml-schemas-3.17.jar;C:\Users\Mergenius\.m2\repository\org\apache\xmlbeans\xmlbeans\2.6.0\xmlbeans-2.6.0.jar;C:\Users\Mergenius\.m2\repository\stax\stax-api\1.0.1\stax-api-1.0.1.jar;C:\Users\Mergenius\.m2\repository\com\github\virtuald\curvesapi\1.04\curvesapi-1.04.jar;C:\Users\Mergenius\.m2\repository\net\masterthought\cucumber-sandwich\0.0.2\cucumber-sandwich-0.0.2.jar;C:\Users\Mergenius\.m2\repository\net\masterthought\cucumber-reporting\0.0.23\cucumber-reporting-0.0.23.jar;C:\Users\Mergenius\.m2\repository\com\google\code\gson\gson\2.2.4\gson-2.2.4.jar;C:\Users\Mergenius\.m2\repository\org\apache\velocity\velocity\1.7\velocity-1.7.jar;C:\Users\Mergenius\.m2\repository\commons-collections\commons-collections\3.2.1\commons-collections-3.2.1.jar;C:\Users\Mergenius\.m2\repository\commons-lang\commons-lang\2.4\commons-lang-2.4.jar;C:\Users\Mergenius\.m2\repository\velocity-tools\velocity-tools\1.4\velocity-tools-1.4.jar;C:\Users\Mergenius\.m2\repository\joda-time\joda-time\2.1\joda-time-2.1.jar;C:\Users\Mergenius\.m2\repository\com\google\guava\guava\r09\guava-r09.jar;C:\Users\Mergenius\.m2\repository\org\mockito\mockito-all\1.9.0\mockito-all-1.9.0.jar;C:\Users\Mergenius\.m2\repository\commons-io\commons-io\2.3\commons-io-2.3.jar;C:\Users\Mergenius\.m2\repository\org\apache\maven\plugins\maven-gpg-plugin\1.4\maven-gpg-plugin-1.4.jar;C:\Users\Mergenius\.m2\repository\org\apache\maven\maven-plugin-api\2.0.6\maven-plugin-api-2.0.6.jar;C:\Users\Mergenius\.m2\repository\org\apache\maven\maven-project\2.0.6\maven-project-2.0.6.jar;C:\Users\Mergenius\.m2\repository\org\apache\maven\maven-settings\2.0.6\maven-settings-2.0.6.jar;C:\Users\Mergenius\.m2\repository\org\apache\maven\maven-profile\2.0.6\maven-profile-2.0.6.jar;C:\Users\Mergenius\.m2\repository\org\apache\maven\maven-artifact-manager\2.0.6\maven-artifact-manager-2.0.6.jar;C:\Users\Mergenius\.m2\repository\org\apache\maven\maven-repository-metadata\2.0.6\maven-repository-metadata-2.0.6.jar;C:\Users\Mergenius\.m2\repository\org\apache\maven\wagon\wagon-provider-api\1.0-beta-2\wagon-provider-api-1.0-beta-2.jar;C:\Users\Mergenius\.m2\repository\org\apache\maven\maven-plugin-registry\2.0.6\maven-plugin-registry-2.0.6.jar;C:\Users\Mergenius\.m2\repository\org\apache\maven\maven-artifact\2.0.6\maven-artifact-2.0.6.jar;C:\Users\Mergenius\.m2\repository\org\apache\maven\maven-model\2.0.6\maven-model-2.0.6.jar;C:\Users\Mergenius\.m2\repository\org\codehaus\plexus\plexus-utils\2.0.5\plexus-utils-2.0.5.jar;C:\Users\Mergenius\.m2\repository\org\jsoup\jsoup\1.7.2\jsoup-1.7.2.jar;C:\Users\Mergenius\.m2\repository\com\googlecode\totallylazy\totallylazy\1077\totallylazy-1077.jar;C:\Users\Mergenius\.m2\repository\io\rest-assured\rest-assured\3.0.7\rest-assured-3.0.7.jar;C:\Users\Mergenius\.m2\repository\org\codehaus\groovy\groovy\2.4.12\groovy-2.4.12.jar;C:\Users\Mergenius\.m2\repository\org\codehaus\groovy\groovy-xml\2.4.12\groovy-xml-2.4.12.jar;C:\Users\Mergenius\.m2\repository\org\apache\httpcomponents\httpclient\4.5.3\httpclient-4.5.3.jar;C:\Users\Mergenius\.m2\repository\org\apache\httpcomponents\httpcore\4.4.6\httpcore-4.4.6.jar;C:\Users\Mergenius\.m2\repository\commons-logging\commons-logging\1.2\commons-logging-1.2.jar;C:\Users\Mergenius\.m2\repository\org\apache\httpcomponents\httpmime\4.5.1\httpmime-4.5.1.jar;C:\Users\Mergenius\.m2\repository\org\hamcrest\hamcrest-core\1.3\hamcrest-core-1.3.jar;C:\Users\Mergenius\.m2\repository\org\hamcrest\hamcrest-library\1.3\hamcrest-library-1.3.jar;C:\Users\Mergenius\.m2\repository\org\ccil\cowan\tagsoup\tagsoup\1.2.1\tagsoup-1.2.1.jar;C:\Users\Mergenius\.m2\repository\io\rest-assured\json-path\3.0.7\json-path-3.0.7.jar;C:\Users\Mergenius\.m2\repository\org\codehaus\groovy\groovy-json\2.4.12\groovy-json-2.4.12.jar;C:\Users\Mergenius\.m2\repository\io\rest-assured\rest-assured-common\3.0.7\rest-assured-common-3.0.7.jar;C:\Users\Mergenius\.m2\repository\io\rest-assured\xml-path\3.0.7\xml-path-3.0.7.jar;C:\Users\Mergenius\.m2\repository\org\apache\commons\commons-lang3\3.4\commons-lang3-3.4.jar;C:\Users\Mergenius\.m2\repository\javax\xml\bind\jaxb-api\2.2.12\jaxb-api-2.2.12.jar;C:\Users\Mergenius\.m2\repository\org\apache\maven\surefire\surefire-testng-utils\2.21.0\surefire-testng-utils-2.21.0.jar;C:\Users\Mergenius\.m2\repository\org\apache\maven\surefire\surefire-grouper\2.21.0\surefire-grouper-2.21.0.jar;"/>
    <property name="java.vm.vendor" value="Oracle Corporation"/>
    <property name="sun.arch.data.model" value="64"/>
    <property name="user.variant" value=""/>
    <property name="java.vendor.url" value="http://java.oracle.com/"/>
    <property name="user.timezone" value=""/>
    <property name="java.vm.specification.version" value="1.8"/>
    <property name="os.name" value="Windows 10"/>
    <property name="user.country" value="US"/>
    <property name="sun.java.launcher" value="SUN_STANDARD"/>
    <property name="sun.boot.library.path" value="C:\Program Files\Java\jdk1.8.0_152\jre\bin"/>
    <property name="sun.java.command" value="C:\Users\MERGEN~1\AppData\Local\Temp\surefire2422420585067842904\surefirebooter6329482121958777319.jar C:\Users\Mergenius\AppData\Local\Temp\surefire2422420585067842904 2018-12-02T19-56-03_533-jvmRun1 surefire8097395187143548998tmp surefire_02623006785601090450tmp"/>
    <property name="surefire.test.class.path" value="C:\Users\Mergenius\eclipse-workspace\pangram-api-test\target\test-classes;C:\Users\Mergenius\eclipse-workspace\pangram-api-test\target\classes;C:\Users\Mergenius\.m2\repository\org\testng\testng\6.13.1\testng-6.13.1.jar;C:\Users\Mergenius\.m2\repository\com\beust\jcommander\1.72\jcommander-1.72.jar;C:\Users\Mergenius\.m2\repository\io\cucumber\cucumber-java\2.4.0\cucumber-java-2.4.0.jar;C:\Users\Mergenius\.m2\repository\io\cucumber\cucumber-core\2.4.0\cucumber-core-2.4.0.jar;C:\Users\Mergenius\.m2\repository\info\cukes\cucumber-html\0.2.6\cucumber-html-0.2.6.jar;C:\Users\Mergenius\.m2\repository\io\cucumber\cucumber-jvm-deps\1.0.6\cucumber-jvm-deps-1.0.6.jar;C:\Users\Mergenius\.m2\repository\io\cucumber\gherkin\5.0.0\gherkin-5.0.0.jar;C:\Users\Mergenius\.m2\repository\io\cucumber\tag-expressions\1.1.1\tag-expressions-1.1.1.jar;C:\Users\Mergenius\.m2\repository\io\cucumber\cucumber-testng\2.4.0\cucumber-testng-2.4.0.jar;C:\Users\Mergenius\.m2\repository\org\apache\poi\poi\3.17\poi-3.17.jar;C:\Users\Mergenius\.m2\repository\commons-codec\commons-codec\1.10\commons-codec-1.10.jar;C:\Users\Mergenius\.m2\repository\org\apache\commons\commons-collections4\4.1\commons-collections4-4.1.jar;C:\Users\Mergenius\.m2\repository\org\apache\poi\poi-ooxml\3.17\poi-ooxml-3.17.jar;C:\Users\Mergenius\.m2\repository\org\apache\poi\poi-ooxml-schemas\3.17\poi-ooxml-schemas-3.17.jar;C:\Users\Mergenius\.m2\repository\org\apache\xmlbeans\xmlbeans\2.6.0\xmlbeans-2.6.0.jar;C:\Users\Mergenius\.m2\repository\stax\stax-api\1.0.1\stax-api-1.0.1.jar;C:\Users\Mergenius\.m2\repository\com\github\virtuald\curvesapi\1.04\curvesapi-1.04.jar;C:\Users\Mergenius\.m2\repository\net\masterthought\cucumber-sandwich\0.0.2\cucumber-sandwich-0.0.2.jar;C:\Users\Mergenius\.m2\repository\net\masterthought\cucumber-reporting\0.0.23\cucumber-reporting-0.0.23.jar;C:\Users\Mergenius\.m2\repository\com\google\code\gson\gson\2.2.4\gson-2.2.4.jar;C:\Users\Mergenius\.m2\repository\org\apache\velocity\velocity\1.7\velocity-1.7.jar;C:\Users\Mergenius\.m2\repository\commons-collections\commons-collections\3.2.1\commons-collections-3.2.1.jar;C:\Users\Mergenius\.m2\repository\commons-lang\commons-lang\2.4\commons-lang-2.4.jar;C:\Users\Mergenius\.m2\repository\velocity-tools\velocity-tools\1.4\velocity-tools-1.4.jar;C:\Users\Mergenius\.m2\repository\joda-time\joda-time\2.1\joda-time-2.1.jar;C:\Users\Mergenius\.m2\repository\com\google\guava\guava\r09\guava-r09.jar;C:\Users\Mergenius\.m2\repository\org\mockito\mockito-all\1.9.0\mockito-all-1.9.0.jar;C:\Users\Mergenius\.m2\repository\commons-io\commons-io\2.3\commons-io-2.3.jar;C:\Users\Mergenius\.m2\repository\org\apache\maven\plugins\maven-gpg-plugin\1.4\maven-gpg-plugin-1.4.jar;C:\Users\Mergenius\.m2\repository\org\apache\maven\maven-plugin-api\2.0.6\maven-plugin-api-2.0.6.jar;C:\Users\Mergenius\.m2\repository\org\apache\maven\maven-project\2.0.6\maven-project-2.0.6.jar;C:\Users\Mergenius\.m2\repository\org\apache\maven\maven-settings\2.0.6\maven-settings-2.0.6.jar;C:\Users\Mergenius\.m2\repository\org\apache\maven\maven-profile\2.0.6\maven-profile-2.0.6.jar;C:\Users\Mergenius\.m2\repository\org\apache\maven\maven-artifact-manager\2.0.6\maven-artifact-manager-2.0.6.jar;C:\Users\Mergenius\.m2\repository\org\apache\maven\maven-repository-metadata\2.0.6\maven-repository-metadata-2.0.6.jar;C:\Users\Mergenius\.m2\repository\org\apache\maven\wagon\wagon-provider-api\1.0-beta-2\wagon-provider-api-1.0-beta-2.jar;C:\Users\Mergenius\.m2\repository\org\apache\maven\maven-plugin-registry\2.0.6\maven-plugin-registry-2.0.6.jar;C:\Users\Mergenius\.m2\repository\org\apache\maven\maven-artifact\2.0.6\maven-artifact-2.0.6.jar;C:\Users\Mergenius\.m2\repository\org\apache\maven\maven-model\2.0.6\maven-model-2.0.6.jar;C:\Users\Mergenius\.m2\repository\org\codehaus\plexus\plexus-utils\2.0.5\plexus-utils-2.0.5.jar;C:\Users\Mergenius\.m2\repository\org\jsoup\jsoup\1.7.2\jsoup-1.7.2.jar;C:\Users\Mergenius\.m2\repository\com\googlecode\totallylazy\totallylazy\1077\totallylazy-1077.jar;C:\Users\Mergenius\.m2\repository\io\rest-assured\rest-assured\3.0.7\rest-assured-3.0.7.jar;C:\Users\Mergenius\.m2\repository\org\codehaus\groovy\groovy\2.4.12\groovy-2.4.12.jar;C:\Users\Mergenius\.m2\repository\org\codehaus\groovy\groovy-xml\2.4.12\groovy-xml-2.4.12.jar;C:\Users\Mergenius\.m2\repository\org\apache\httpcomponents\httpclient\4.5.3\httpclient-4.5.3.jar;C:\Users\Mergenius\.m2\repository\org\apache\httpcomponents\httpcore\4.4.6\httpcore-4.4.6.jar;C:\Users\Mergenius\.m2\repository\commons-logging\commons-logging\1.2\commons-logging-1.2.jar;C:\Users\Mergenius\.m2\repository\org\apache\httpcomponents\httpmime\4.5.1\httpmime-4.5.1.jar;C:\Users\Mergenius\.m2\repository\org\hamcrest\hamcrest-core\1.3\hamcrest-core-1.3.jar;C:\Users\Mergenius\.m2\repository\org\hamcrest\hamcrest-library\1.3\hamcrest-library-1.3.jar;C:\Users\Mergenius\.m2\repository\org\ccil\cowan\tagsoup\tagsoup\1.2.1\tagsoup-1.2.1.jar;C:\Users\Mergenius\.m2\repository\io\rest-assured\json-path\3.0.7\json-path-3.0.7.jar;C:\Users\Mergenius\.m2\repository\org\codehaus\groovy\groovy-json\2.4.12\groovy-json-2.4.12.jar;C:\Users\Mergenius\.m2\repository\io\rest-assured\rest-assured-common\3.0.7\rest-assured-common-3.0.7.jar;C:\Users\Mergenius\.m2\repository\io\rest-assured\xml-path\3.0.7\xml-path-3.0.7.jar;C:\Users\Mergenius\.m2\repository\org\apache\commons\commons-lang3\3.4\commons-lang3-3.4.jar;C:\Users\Mergenius\.m2\repository\javax\xml\bind\jaxb-api\2.2.12\jaxb-api-2.2.12.jar;C:\Users\Mergenius\.m2\repository\org\apache\maven\surefire\surefire-testng-utils\2.21.0\surefire-testng-utils-2.21.0.jar;C:\Users\Mergenius\.m2\repository\org\apache\maven\surefire\surefire-grouper\2.21.0\surefire-grouper-2.21.0.jar;"/>
    <property name="sun.cpu.endian" value="little"/>
    <property name="user.home" value="C:\Users\Mergenius"/>
    <property name="user.language" value="en"/>
    <property name="java.specification.vendor" value="Oracle Corporation"/>
    <property name="java.home" value="C:\Program Files\Java\jdk1.8.0_152\jre"/>
    <property name="basedir" value="C:\Users\Mergenius\eclipse-workspace\pangram-api-test"/>
    <property name="file.separator" value="\"/>
    <property name="line.separator" value="&#10;"/>
    <property name="java.vm.specification.vendor" value="Oracle Corporation"/>
    <property name="java.specification.name" value="Java Platform API Specification"/>
    <property name="java.awt.graphicsenv" value="sun.awt.Win32GraphicsEnvironment"/>
    <property name="surefire.real.class.path" value="C:\Users\MERGEN~1\AppData\Local\Temp\surefire2422420585067842904\surefirebooter6329482121958777319.jar"/>
    <property name="sun.boot.class.path" value="C:\Program Files\Java\jdk1.8.0_152\jre\lib\resources.jar;C:\Program Files\Java\jdk1.8.0_152\jre\lib\rt.jar;C:\Program Files\Java\jdk1.8.0_152\jre\lib\sunrsasign.jar;C:\Program Files\Java\jdk1.8.0_152\jre\lib\jsse.jar;C:\Program Files\Java\jdk1.8.0_152\jre\lib\jce.jar;C:\Program Files\Java\jdk1.8.0_152\jre\lib\charsets.jar;C:\Program Files\Java\jdk1.8.0_152\jre\lib\jfr.jar;C:\Program Files\Java\jdk1.8.0_152\jre\classes"/>
    <property name="user.script" value=""/>
    <property name="sun.management.compiler" value="HotSpot 64-Bit Tiered Compilers"/>
    <property name="java.runtime.version" value="1.8.0_152-b16"/>
    <property name="user.name" value="Mergenius"/>
    <property name="path.separator" value=";"/>
    <property name="os.version" value="10.0"/>
    <property name="java.endorsed.dirs" value="C:\Program Files\Java\jdk1.8.0_152\jre\lib\endorsed"/>
    <property name="java.runtime.name" value="Java(TM) SE Runtime Environment"/>
    <property name="file.encoding" value="Cp1252"/>
    <property name="java.vm.name" value="Java HotSpot(TM) 64-Bit Server VM"/>
    <property name="localRepository" value="C:\Users\Mergenius\.m2\repository"/>
    <property name="java.vendor.url.bug" value="http://bugreport.sun.com/bugreport/"/>
    <property name="java.io.tmpdir" value="C:\Users\MERGEN~1\AppData\Local\Temp\"/>
    <property name="java.version" value="1.8.0_152"/>
    <property name="user.dir" value="C:\Users\Mergenius\eclipse-workspace\pangram-api-test"/>
    <property name="os.arch" value="amd64"/>
    <property name="java.vm.specification.name" value="Java Virtual Machine Specification"/>
    <property name="java.awt.printerjob" value="sun.awt.windows.WPrinterJob"/>
    <property name="sun.os.patch.level" value=""/>
    <property name="java.library.path" value="C:\Program Files\Java\jdk1.8.0_152\jre\bin;C:\WINDOWS\Sun\Java\bin;C:\WINDOWS\system32;C:\WINDOWS;C:\ProgramData\Oracle\Java\javapath;C:\Program Files (x86)\Intel\iCLS Client\;C:\Program Files\Intel\iCLS Client\;C:\WINDOWS\system32;C:\WINDOWS;C:\WINDOWS\System32\Wbem;C:\WINDOWS\System32\WindowsPowerShell\v1.0\;C:\Program Files (x86)\Intel\Intel(R) Management Engine Components\DAL;C:\Program Files\Intel\Intel(R) Management Engine Components\DAL;C:\Program Files (x86)\Intel\Intel(R) Management Engine Components\IPT;C:\Program Files\Intel\Intel(R) Management Engine Components\IPT;C:\Program Files\Java\jdk1.8.0_152;C:\Users\Mergenius\Documents\selenium dependencies\drivers;C:\Program Files\Java\jdk1.8.0_152\bin;C:\Program Files\Apache\apache-maven\apache-maven-3.5.2\bin;C:\WINDOWS\System32\OpenSSH\;C:\Program Files\Intel\WiFi\bin\;C:\Program Files\Common Files\Intel\WirelessCommon\;C:\Users\Mergenius\AppData\Local\Android\Sdk\tools\bin;C:\Users\Mergenius\AppData\Local\Android\Sdk\tools;C:\Users\Mergenius\AppData\Local\Android\Sdk\platform-tools;C:\Program Files\nodejs\;C:\Program Files\nodejs\node_modules\npm\bin;C:\Program Files\PuTTY\;C:\Users\Mergenius\AppData\Local\Microsoft\WindowsApps;C:\Users\Mergenius\AppData\Local\GitHubDesktop\bin;C:\Users\Mergenius\AppData\Local\Microsoft\WindowsApps;C:\Users\Mergenius\AppData\Roaming\npm;."/>
    <property name="java.vm.info" value="mixed mode"/>
    <property name="java.vendor" value="Oracle Corporation"/>
    <property name="java.vm.version" value="25.152-b16"/>
    <property name="java.ext.dirs" value="C:\Program Files\Java\jdk1.8.0_152\jre\lib\ext;C:\WINDOWS\Sun\Java\lib\ext"/>
    <property name="sun.io.unicode.encoding" value="UnicodeLittle"/>
    <property name="java.class.version" value="52.0"/>
  </properties>
  <testcase name="runScenario" classname="com.pangram.runners.CukesRunner" time="2.969"/>
  <testcase name="runScenario" classname="com.pangram.runners.CukesRunner" time="0.541">
    <failure message="expected [true] but found [false]" type="java.lang.AssertionError">java.lang.AssertionError: expected [true] but found [false]
</failure>
    <system-out><![CDATA[
  Scenario: Post a valid pangram string with 26 or more ASCII characters that starts with empty space                               &amp#27;[90m# src/test/resources/features/PangramTest.feature:7&amp#27;[0m
    &amp#27;[32mGiven &amp#27;[0m&amp#27;[32mI make POST request with string "&amp#27;[0m&amp#27;[32m&amp#27;[1m abcdefghijklmnopqrstuvwxyz&amp#27;[0m&amp#27;[32m"&amp#27;[0m                                                             &amp#27;[90m# PangramTest.i_make_POST_request_with_string(String)&amp#27;[0m
    &amp#27;[31mThen &amp#27;[0m&amp#27;[31mI verify status code returned is &amp#27;[0m&amp#27;[31m&amp#27;[1m200&amp#27;[0m&amp#27;[31m, content type is "&amp#27;[0m&amp#27;[31m&amp#27;[1mapplication/json&amp#27;[0m&amp#27;[31m" and response body "&amp#27;[0m&amp#27;[31m&amp#27;[1mpangram&amp#27;[0m&amp#27;[31m" should contain "&amp#27;[0m&amp#27;[31m&amp#27;[1mtrue&amp#27;[0m&amp#27;[31m"&amp#27;[0m &amp#27;[90m# PangramTest.i_verify_status_code_returned_is_content_type_is_and_response_body_should_contain(int,String,String,String)&amp#27;[0m
      &amp#27;[31mjava.lang.AssertionError: expected [true] but found [false]
	at org.testng.Assert.fail(Assert.java:96)
	at org.testng.Assert.failNotEquals(Assert.java:776)
	at org.testng.Assert.assertEqualsImpl(Assert.java:137)
	at org.testng.Assert.assertEquals(Assert.java:118)
	at org.testng.Assert.assertEquals(Assert.java:453)
	at org.testng.Assert.assertEquals(Assert.java:463)
	at com.pangram.step_definitions.PangramTest.i_verify_status_code_returned_is_content_type_is_and_response_body_should_contain(PangramTest.java:38)
	at ?.I verify status code returned is 200, content type is "application/json" and response body "pangram" should contain "true"(src/test/resources/features/PangramTest.feature:9)
&amp#27;[0m
]]></system-out>
  </testcase>
  <testcase name="runScenario" classname="com.pangram.runners.CukesRunner" time="0.513"/>
  <testcase name="runScenario" classname="com.pangram.runners.CukesRunner" time="0.503">
    <failure message="expected [false] but found [true]" type="java.lang.AssertionError">java.lang.AssertionError: expected [false] but found [true]
</failure>
    <system-out><![CDATA[
  Scenario: Post an invalid pangram string with 26 or more ASCII characters with space instead of missing character                  &amp#27;[90m# src/test/resources/features/PangramTest.feature:15&amp#27;[0m
    &amp#27;[32mGiven &amp#27;[0m&amp#27;[32mI make POST request with string "&amp#27;[0m&amp#27;[32m&amp#27;[1mabcdefghijklmnopqrstuvwxy &amp#27;[0m&amp#27;[32m"&amp#27;[0m                                                               &amp#27;[90m# PangramTest.i_make_POST_request_with_string(String)&amp#27;[0m
    &amp#27;[31mThen &amp#27;[0m&amp#27;[31mI verify status code returned is &amp#27;[0m&amp#27;[31m&amp#27;[1m200&amp#27;[0m&amp#27;[31m, content type is "&amp#27;[0m&amp#27;[31m&amp#27;[1mapplication/json&amp#27;[0m&amp#27;[31m" and response body "&amp#27;[0m&amp#27;[31m&amp#27;[1mpangram&amp#27;[0m&amp#27;[31m" should contain "&amp#27;[0m&amp#27;[31m&amp#27;[1mfalse&amp#27;[0m&amp#27;[31m"&amp#27;[0m &amp#27;[90m# PangramTest.i_verify_status_code_returned_is_content_type_is_and_response_body_should_contain(int,String,String,String)&amp#27;[0m
      &amp#27;[31mjava.lang.AssertionError: expected [false] but found [true]
	at org.testng.Assert.fail(Assert.java:96)
	at org.testng.Assert.failNotEquals(Assert.java:776)
	at org.testng.Assert.assertEqualsImpl(Assert.java:137)
	at org.testng.Assert.assertEquals(Assert.java:118)
	at org.testng.Assert.assertEquals(Assert.java:453)
	at org.testng.Assert.assertEquals(Assert.java:463)
	at com.pangram.step_definitions.PangramTest.i_verify_status_code_returned_is_content_type_is_and_response_body_should_contain(PangramTest.java:38)
	at ?.I verify status code returned is 200, content type is "application/json" and response body "pangram" should contain "false"(src/test/resources/features/PangramTest.feature:17)
&amp#27;[0m
]]></system-out>
  </testcase>
  <testcase name="runScenario" classname="com.pangram.runners.CukesRunner" time="0.484"/>
  <testcase name="runScenario" classname="com.pangram.runners.CukesRunner" time="0.526"/>
  <testcase name="runScenario" classname="com.pangram.runners.CukesRunner" time="0.563">
    <failure message="expected [true] but found [false]" type="java.lang.AssertionError">java.lang.AssertionError: expected [true] but found [false]
</failure>
    <system-out><![CDATA[
  Scenario Outline: Post a valid pangram string with 26 or more ASCII characters                                                    &amp#27;[90m# src/test/resources/features/PangramTestSet.feature:10&amp#27;[0m
    &amp#27;[32mGiven &amp#27;[0m&amp#27;[32mI make POST request with string "&amp#27;[0m&amp#27;[32m&amp#27;[1m.abcdefghijklmnopqrstuvwxyz&amp#27;[0m&amp#27;[32m"&amp#27;[0m                                                             &amp#27;[90m# PangramTest.i_make_POST_request_with_string(String)&amp#27;[0m
    &amp#27;[31mThen &amp#27;[0m&amp#27;[31mI verify status code returned is &amp#27;[0m&amp#27;[31m&amp#27;[1m200&amp#27;[0m&amp#27;[31m, content type is "&amp#27;[0m&amp#27;[31m&amp#27;[1mapplication/json&amp#27;[0m&amp#27;[31m" and response body "&amp#27;[0m&amp#27;[31m&amp#27;[1mpangram&amp#27;[0m&amp#27;[31m" should contain "&amp#27;[0m&amp#27;[31m&amp#27;[1mtrue&amp#27;[0m&amp#27;[31m"&amp#27;[0m &amp#27;[90m# PangramTest.i_verify_status_code_returned_is_content_type_is_and_response_body_should_contain(int,String,String,String)&amp#27;[0m
      &amp#27;[31mjava.lang.AssertionError: expected [true] but found [false]
	at org.testng.Assert.fail(Assert.java:96)
	at org.testng.Assert.failNotEquals(Assert.java:776)
	at org.testng.Assert.assertEqualsImpl(Assert.java:137)
	at org.testng.Assert.assertEquals(Assert.java:118)
	at org.testng.Assert.assertEquals(Assert.java:453)
	at org.testng.Assert.assertEquals(Assert.java:463)
	at com.pangram.step_definitions.PangramTest.i_verify_status_code_returned_is_content_type_is_and_response_body_should_contain(PangramTest.java:38)
	at ?.I verify status code returned is 200, content type is "application/json" and response body "pangram" should contain "true"(src/test/resources/features/PangramTestSet.feature:5)
&amp#27;[0m
]]></system-out>
  </testcase>
  <testcase name="runScenario" classname="com.pangram.runners.CukesRunner" time="0.587"/>
  <testcase name="runScenario" classname="com.pangram.runners.CukesRunner" time="0.511">
    <failure message="expected [false] but found [true]" type="java.lang.AssertionError">java.lang.AssertionError: expected [false] but found [true]
</failure>
    <system-out><![CDATA[
  Scenario Outline: Post an invalid pangram string with 26 or more ASCII characters &amp#27;[90m# src/test/resources/features/PangramTestSet.feature:13&amp#27;[0m
    &amp#27;[36mGiven I make POST request with string "<string>"&amp#27;[0m
    &amp#27;[36mThen I verify status code returned is 200, content type is "application/json" and response body "<key>" should contain "<value>"&amp#27;[0m

    Examples: 

  Scenario Outline: Post an invalid pangram string with 26 or more ASCII characters                                                  &amp#27;[90m# src/test/resources/features/PangramTestSet.feature:19&amp#27;[0m
    &amp#27;[32mGiven &amp#27;[0m&amp#27;[32mI make POST request with string "&amp#27;[0m&amp#27;[32m&amp#27;[1m%bcdefghijklmnopqrstuvwxyZ&amp#27;[0m&amp#27;[32m"&amp#27;[0m                                                               &amp#27;[90m# PangramTest.i_make_POST_request_with_string(String)&amp#27;[0m
    &amp#27;[31mThen &amp#27;[0m&amp#27;[31mI verify status code returned is &amp#27;[0m&amp#27;[31m&amp#27;[1m200&amp#27;[0m&amp#27;[31m, content type is "&amp#27;[0m&amp#27;[31m&amp#27;[1mapplication/json&amp#27;[0m&amp#27;[31m" and response body "&amp#27;[0m&amp#27;[31m&amp#27;[1mpangram&amp#27;[0m&amp#27;[31m" should contain "&amp#27;[0m&amp#27;[31m&amp#27;[1mfalse&amp#27;[0m&amp#27;[31m"&amp#27;[0m &amp#27;[90m# PangramTest.i_verify_status_code_returned_is_content_type_is_and_response_body_should_contain(int,String,String,String)&amp#27;[0m
      &amp#27;[31mjava.lang.AssertionError: expected [false] but found [true]
	at org.testng.Assert.fail(Assert.java:96)
	at org.testng.Assert.failNotEquals(Assert.java:776)
	at org.testng.Assert.assertEqualsImpl(Assert.java:137)
	at org.testng.Assert.assertEquals(Assert.java:118)
	at org.testng.Assert.assertEquals(Assert.java:453)
	at org.testng.Assert.assertEquals(Assert.java:463)
	at com.pangram.step_definitions.PangramTest.i_verify_status_code_returned_is_content_type_is_and_response_body_should_contain(PangramTest.java:38)
	at ?.I verify status code returned is 200, content type is "application/json" and response body "pangram" should contain "false"(src/test/resources/features/PangramTestSet.feature:15)
&amp#27;[0m
]]></system-out>
  </testcase>
  <testcase name="runScenario" classname="com.pangram.runners.CukesRunner" time="0.624"/>
  <testcase name="runScenario" classname="com.pangram.runners.CukesRunner" time="0.5"/>
  <testcase name="runScenario" classname="com.pangram.runners.CukesRunner" time="0.487">
    <failure message="expected [200] but found [404]" type="java.lang.AssertionError">java.lang.AssertionError: expected [200] but found [404]
</failure>
    <system-out><![CDATA[
  Scenario Outline: Post an invalid pangram string with 26 or more ASCII characters                                                  &amp#27;[90m# src/test/resources/features/PangramTestSet.feature:22&amp#27;[0m
    &amp#27;[32mGiven &amp#27;[0m&amp#27;[32mI make POST request with string "&amp#27;[0m&amp#27;[32m&amp#27;[1macdefghijklmnopqrstuvwx%%&amp#27;[0m&amp#27;[32m"&amp#27;[0m                                                                &amp#27;[90m# PangramTest.i_make_POST_request_with_string(String)&amp#27;[0m
    &amp#27;[31mThen &amp#27;[0m&amp#27;[31mI verify status code returned is &amp#27;[0m&amp#27;[31m&amp#27;[1m200&amp#27;[0m&amp#27;[31m, content type is "&amp#27;[0m&amp#27;[31m&amp#27;[1mapplication/json&amp#27;[0m&amp#27;[31m" and response body "&amp#27;[0m&amp#27;[31m&amp#27;[1mpangram&amp#27;[0m&amp#27;[31m" should contain "&amp#27;[0m&amp#27;[31m&amp#27;[1mfalse&amp#27;[0m&amp#27;[31m"&amp#27;[0m &amp#27;[90m# PangramTest.i_verify_status_code_returned_is_content_type_is_and_response_body_should_contain(int,String,String,String)&amp#27;[0m
      &amp#27;[31mjava.lang.AssertionError: expected [200] but found [404]
	at org.testng.Assert.fail(Assert.java:96)
	at org.testng.Assert.failNotEquals(Assert.java:776)
	at org.testng.Assert.assertEqualsImpl(Assert.java:137)
	at org.testng.Assert.assertEquals(Assert.java:118)
	at org.testng.Assert.assertEquals(Assert.java:652)
	at org.testng.Assert.assertEquals(Assert.java:662)
	at com.pangram.step_definitions.PangramTest.i_verify_status_code_returned_is_content_type_is_and_response_body_should_contain(PangramTest.java:37)
	at ?.I verify status code returned is 200, content type is "application/json" and response body "pangram" should contain "false"(src/test/resources/features/PangramTestSet.feature:15)
&amp#27;[0m
]]></system-out>
  </testcase>
</testsuite>