<?xml version="1.0" encoding="UTF-8"?>
<!-- Generated by org.testng.reporters.JUnitXMLReporter -->
<testsuite hostname="LAPTOP-FKB5RQA2" ignored="0" name="Automated tests" tests="12" failures="5" timestamp="03 Dec 2018 03:56:14 GMT" time="9.156" errors="0">
  <testcase name="runScenario" time="2.941" classname="cucumber.api.testng.AbstractTestNGCucumberTests"/>
  <testcase name="runScenario" time="0.512" classname="cucumber.api.testng.AbstractTestNGCucumberTests">
    <failure type="java.lang.AssertionError" message="expected [true] but found [false]">
      <![CDATA[java.lang.AssertionError: expected [true] but found [false]at com.pangram.step_definitions.PangramTest.i_verify_status_code_returned_is_content_type_is_and_response_body_should_contain(PangramTest.java:38)at ✽.I verify status code returned is 200, content type is "application/json" and response body "pangram" should contain "true"(src/test/resources/features/PangramTest.feature:9)... Removed 6 stack frames]]>
    </failure>
  </testcase> <!-- runScenario -->
  <testcase name="runScenario" time="0.516" classname="cucumber.api.testng.AbstractTestNGCucumberTests"/>
  <testcase name="runScenario" time="0.511" classname="cucumber.api.testng.AbstractTestNGCucumberTests">
    <failure type="java.lang.AssertionError" message="expected [false] but found [true]">
      <![CDATA[java.lang.AssertionError: expected [false] but found [true]at com.pangram.step_definitions.PangramTest.i_verify_status_code_returned_is_content_type_is_and_response_body_should_contain(PangramTest.java:38)at ✽.I verify status code returned is 200, content type is "application/json" and response body "pangram" should contain "false"(src/test/resources/features/PangramTest.feature:17)... Removed 6 stack frames]]>
    </failure>
  </testcase> <!-- runScenario -->
  <testcase name="runScenario" time="0.502" classname="cucumber.api.testng.AbstractTestNGCucumberTests"/>
  <testcase name="runScenario" time="0.526" classname="cucumber.api.testng.AbstractTestNGCucumberTests"/>
  <testcase name="runScenario" time="0.546" classname="cucumber.api.testng.AbstractTestNGCucumberTests">
    <failure type="java.lang.AssertionError" message="expected [true] but found [false]">
      <![CDATA[java.lang.AssertionError: expected [true] but found [false]at com.pangram.step_definitions.PangramTest.i_verify_status_code_returned_is_content_type_is_and_response_body_should_contain(PangramTest.java:38)at ✽.I verify status code returned is 200, content type is "application/json" and response body "pangram" should contain "true"(src/test/resources/features/PangramTestSet.feature:5)... Removed 6 stack frames]]>
    </failure>
  </testcase> <!-- runScenario -->
  <testcase name="runScenario" time="0.6" classname="cucumber.api.testng.AbstractTestNGCucumberTests"/>
  <testcase name="runScenario" time="0.497" classname="cucumber.api.testng.AbstractTestNGCucumberTests">
    <failure type="java.lang.AssertionError" message="expected [false] but found [true]">
      <![CDATA[java.lang.AssertionError: expected [false] but found [true]at com.pangram.step_definitions.PangramTest.i_verify_status_code_returned_is_content_type_is_and_response_body_should_contain(PangramTest.java:38)at ✽.I verify status code returned is 200, content type is "application/json" and response body "pangram" should contain "false"(src/test/resources/features/PangramTestSet.feature:15)... Removed 6 stack frames]]>
    </failure>
  </testcase> <!-- runScenario -->
  <testcase name="runScenario" time="0.638" classname="cucumber.api.testng.AbstractTestNGCucumberTests"/>
  <testcase name="runScenario" time="0.497" classname="cucumber.api.testng.AbstractTestNGCucumberTests"/>
  <testcase name="runScenario" time="0.475" classname="cucumber.api.testng.AbstractTestNGCucumberTests">
    <failure type="java.lang.AssertionError" message="expected [200] but found [404]">
      <![CDATA[java.lang.AssertionError: expected [200] but found [404]at com.pangram.step_definitions.PangramTest.i_verify_status_code_returned_is_content_type_is_and_response_body_should_contain(PangramTest.java:37)at ✽.I verify status code returned is 200, content type is "application/json" and response body "pangram" should contain "false"(src/test/resources/features/PangramTestSet.feature:15)... Removed 6 stack frames]]>
    </failure>
  </testcase> <!-- runScenario -->
</testsuite> <!-- Automated tests -->
